f:\luciano\github\proyecto\cyberpunk2099-0.2\x64\debug\vc142.pdb
f:\luciano\github\proyecto\cyberpunk2099-0.2\x64\debug\vc142.idb
f:\luciano\github\proyecto\cyberpunk2099-0.2\x64\debug\tileengine.obj
f:\luciano\github\proyecto\cyberpunk2099-0.2\x64\debug\source.obj
f:\luciano\github\proyecto\cyberpunk2099-0.2\x64\debug\npc.obj
f:\luciano\github\proyecto\cyberpunk2099-0.2\x64\debug\jugador.obj
f:\luciano\github\proyecto\cyberpunk2099-0.2\x64\debug\ingame.obj
f:\luciano\github\proyecto\cyberpunk2099-0.2\x64\debug\armas.obj
c:\users\luciano\desktop\cyberpunk2099-0.2\x64\debug\vc142.pdb
c:\users\luciano\desktop\cyberpunk2099-0.2\x64\debug\vc142.idb
c:\users\luciano\desktop\cyberpunk2099-0.2\x64\debug\tileengine.obj
c:\users\luciano\desktop\cyberpunk2099-0.2\x64\debug\source.obj
c:\users\luciano\desktop\cyberpunk2099-0.2\x64\debug\npc.obj
c:\users\luciano\desktop\cyberpunk2099-0.2\x64\debug\jugador.obj
c:\users\luciano\desktop\cyberpunk2099-0.2\x64\debug\ingame.obj
c:\users\luciano\desktop\cyberpunk2099-0.2\x64\debug\armas.obj
f:\luciano\github\proyecto\cyberpunk2099-0.2\x64\debug\cybercode2099-0.2.1.exe
f:\luciano\github\proyecto\cyberpunk2099-0.2\x64\debug\cybercode2099-0.2.1.ilk
f:\luciano\github\proyecto\cyberpunk2099-0.2\x64\debug\cybercode2099-0.2.1.pdb
c:\users\luciano\desktop\cyberpunk2099-0.2\x64\debug\cybercode2099-0.2.1.exe
c:\users\luciano\desktop\cyberpunk2099-0.2\x64\debug\cybercode2099-0.2.1.ilk
c:\users\luciano\desktop\cyberpunk2099-0.2\x64\debug\cybercode2099-0.2.1.pdb
c:\users\luciano\desktop\cyberpunk2099-0.2\x64\debug\cybercod.120112a2.tlog\cl.command.1.tlog
c:\users\luciano\desktop\cyberpunk2099-0.2\x64\debug\cybercod.120112a2.tlog\cl.read.1.tlog
c:\users\luciano\desktop\cyberpunk2099-0.2\x64\debug\cybercod.120112a2.tlog\cl.write.1.tlog
c:\users\luciano\desktop\cyberpunk2099-0.2\x64\debug\cybercod.120112a2.tlog\link.command.1.tlog
c:\users\luciano\desktop\cyberpunk2099-0.2\x64\debug\cybercod.120112a2.tlog\link.read.1.tlog
c:\users\luciano\desktop\cyberpunk2099-0.2\x64\debug\cybercod.120112a2.tlog\link.write.1.tlog
